<?xml version="1.0" encoding="UTF-8"?>
<testsuite xmlns:xsi="http://www.w3.org/2001/XMLSchema-instance" xsi:noNamespaceSchemaLocation="https://maven.apache.org/surefire/maven-surefire-plugin/xsd/surefire-test-report-3.0.xsd" version="3.0" name="com.mycompany.ccuenta.CCuentaTest" time="0.067" tests="3" errors="0" skipped="0" failures="0">
  <properties>
[...]
</properties>
  <testcase name="testIngresar2" classname="com.mycompany.ccuenta.CCuentaTest" time="0.036">
    <system-out><![CDATA[ingresar
Error detectable en pruebas de caja blanca
]]></system-out>
  </testcase>
  <testcase name="testIngresar3" classname="com.mycompany.ccuenta.CCuentaTest" time="0.003">
    <system-out><![CDATA[ingresar
No se puede ingresar una cantidad negativa
]]></system-out>
  </testcase>
  <testcase name="testIngresar" classname="com.mycompany.ccuenta.CCuentaTest" time="0.002">
    <system-out><![CDATA[ingresar
]]></system-out>
  </testcase>
</testsuite>